<?xml version="1.0" encoding="UTF-8"?>
<testng-results ignored="0" total="1" passed="1" failed="0" skipped="0">
  <reporter-output>
  </reporter-output>
  <suite started-at="2026-03-28T20:56:29 IST" name="Default suite" finished-at="2026-03-28T20:56:35 IST" duration-ms="6249">
    <groups>
    </groups>
    <test started-at="2026-03-28T20:56:29 IST" name="Default test" finished-at="2026-03-28T20:56:35 IST" duration-ms="6249">
      <class name="TC.UseCases">
        <test-method signature="tc1()[pri:0, instance:TC.UseCases@6b2ea799]" started-at="2026-03-28T20:56:29 IST" name="tc1" finished-at="2026-03-28T20:56:35 IST" duration-ms="6184" status="PASS">
          <reporter-output>
          </reporter-output>
        </test-method> <!-- tc1 -->
      </class> <!-- TC.UseCases -->
    </test> <!-- Default test -->
  </suite> <!-- Default suite -->
</testng-results>
