<?xml version="1.0" encoding="UTF-8"?>
<!-- Generated by org.testng.reporters.JUnitXMLReporter -->
<testsuite ignored="0" hostname="Admin" failures="0" tests="4" name="Test1" time="0.059" errors="0" timestamp="2025-05-11T13:13:02 IST">
  <testcase classname="testNG.DM1" name="login" time="0.006"/>
  <testcase classname="testNG.DM1" name="logout" time="0.002"/>
  <testcase classname="testNG.DM1" name="open" time="0.001"/>
  <testcase classname="testNG.DM2" name="t1" time="0.001"/>
</testsuite> <!-- Test1 -->
